<?xml version="1.0" encoding="UTF-8"?>
<!-- Generated by org.testng.reporters.JUnitReportReporter -->
<testsuite skipped="0" hostname="Sandeeps-MacBook-Air.local" name="parallel.ParallelRun" tests="7" failures="0" timestamp="08 Apr 2021 20:20:56 GMT" time="212.007" errors="0">
  <testcase name="runScenario" time="34.656" classname="parallel.ParallelRun"/>
  <testcase name="runScenario" time="33.167" classname="parallel.ParallelRun"/>
  <testcase name="runScenario" time="23.798" classname="parallel.ParallelRun"/>
  <testcase name="runScenario" time="30.607" classname="parallel.ParallelRun"/>
  <testcase name="runScenario" time="33.552" classname="parallel.ParallelRun"/>
  <testcase name="runScenario" time="21.788" classname="parallel.ParallelRun"/>
  <testcase name="runScenario" time="34.439" classname="parallel.ParallelRun"/>
</testsuite> <!-- parallel.ParallelRun -->
